Build started 10/3/2015 8:41:44 PM.
     1>Project "E:\openFrameworks\apps\myApps\player-vs-sound\player_vs_sound.vcxproj" on node 2 (Build target(s)).
     1>ClCompile:
         E:\Program Files (x86)\Microsoft Visual Studio 14.0\VC\bin\CL.exe /c /IE:\openFrameworks\libs\openFrameworksCompiled\project\vs\\..\..\..\..\\libs\openFrameworks /IE:\openFrameworks\libs\openFrameworksCompiled\project\vs\\..\..\..\..\\libs\openFrameworks\graphics /IE:\openFrameworks\libs\openFrameworksCompiled\project\vs\\..\..\..\..\\libs\openFrameworks\app /IE:\openFrameworks\libs\openFrameworksCompiled\project\vs\\..\..\..\..\\libs\openFrameworks\sound /IE:\openFrameworks\libs\openFrameworksCompiled\project\vs\\..\..\..\..\\libs\openFrameworks\utils /IE:\openFrameworks\libs\openFrameworksCompiled\project\vs\\..\..\..\..\\libs\openFrameworks\communication /IE:\openFrameworks\libs\openFrameworksCompiled\project\vs\\..\..\..\..\\libs\openFrameworks\video /IE:\openFrameworks\libs\openFrameworksCompiled\project\vs\\..\..\..\..\\libs\openFrameworks\types /IE:\openFrameworks\libs\openFrameworksCompiled\project\vs\\..\..\..\..\\libs\openFrameworks\math /IE:\openFrameworks\libs\openFrameworksCompiled\project\vs\\..\..\..\..\\libs\openFrameworks\3d /IE:\openFrameworks\libs\openFrameworksCompiled\project\vs\\..\..\..\..\\libs\openFrameworks\gl /IE:\openFrameworks\libs\openFrameworksCompiled\project\vs\\..\..\..\..\\libs\openFrameworks\events /IE:\openFrameworks\libs\openFrameworksCompiled\project\vs\\..\..\..\..\\libs\glut\include /IE:\openFrameworks\libs\openFrameworksCompiled\project\vs\\..\..\..\..\\libs\rtAudio\include /IE:\openFrameworks\libs\openFrameworksCompiled\project\vs\\..\..\..\..\\libs\quicktime\include /IE:\openFrameworks\libs\openFrameworksCompiled\project\vs\\..\..\..\..\\libs\freetype\include /IE:\openFrameworks\libs\openFrameworksCompiled\project\vs\\..\..\..\..\\libs\freetype\include\freetype2 /IE:\openFrameworks\libs\openFrameworksCompiled\project\vs\\..\..\..\..\\libs\freeImage\include /IE:\openFrameworks\libs\openFrameworksCompiled\project\vs\\..\..\..\..\\libs\fmodex\include /IE:\openFrameworks\libs\openFrameworksCompiled\project\vs\\..\..\..\..\\libs\videoInput\include /IE:\openFrameworks\libs\openFrameworksCompiled\project\vs\\..\..\..\..\\libs\glew\include\ /IE:\openFrameworks\libs\openFrameworksCompiled\project\vs\\..\..\..\..\\libs\glu\include /IE:\openFrameworks\libs\openFrameworksCompiled\project\vs\\..\..\..\..\\libs\tess2\include /IE:\openFrameworks\libs\openFrameworksCompiled\project\vs\\..\..\..\..\\libs\cairo\include\cairo /IE:\openFrameworks\libs\openFrameworksCompiled\project\vs\\..\..\..\..\\libs\poco\include /IE:\openFrameworks\libs\openFrameworksCompiled\project\vs\\..\..\..\..\\libs\glfw\include /IE:\openFrameworks\libs\openFrameworksCompiled\project\vs\\..\..\..\..\\libs\openssl\include /IE:\openFrameworks\libs\openFrameworksCompiled\project\vs\\..\..\..\..\\libs\utf8cpp\include /IE:\openFrameworks\libs\openFrameworksCompiled\project\vs\\..\..\..\..\\libs\boost\include /IE:\openFrameworks\libs\openFrameworksCompiled\project\vs\\..\..\..\..\\addons /I..\..\..\addons\ofxGui\src /I..\..\..\addons\ofxAnimatable\src /I..\..\..\addons\ofxBullet\libs /I..\..\..\addons\ofxBullet\libs\bullet2.8.2 /I..\..\..\addons\ofxBullet\libs\bullet2.8.2\include /I..\..\..\addons\ofxBullet\libs\bullet2.8.2\include\BulletCollision /I..\..\..\addons\ofxBullet\libs\bullet2.8.2\include\BulletCollision\BroadphaseCollision /I..\..\..\addons\ofxBullet\libs\bullet2.8.2\include\BulletCollision\CollisionDispatch /I..\..\..\addons\ofxBullet\libs\bullet2.8.2\include\BulletCollision\CollisionShapes /I..\..\..\addons\ofxBullet\libs\bullet2.8.2\include\BulletCollision\Gimpact /I..\..\..\addons\ofxBullet\libs\bullet2.8.2\include\BulletCollision\NarrowPhaseCollision /I..\..\..\addons\ofxBullet\libs\bullet2.8.2\include\BulletDynamics /I..\..\..\addons\ofxBullet\libs\bullet2.8.2\include\BulletDynamics\Character /I..\..\..\addons\ofxBullet\libs\bullet2.8.2\include\BulletDynamics\ConstraintSolver /I..\..\..\addons\ofxBullet\libs\bullet2.8.2\include\BulletDynamics\Dynamics /I..\..\..\addons\ofxBullet\libs\bullet2.8.2\include\BulletDynamics\Featherstone /I..\..\..\addons\ofxBullet\libs\bullet2.8.2\include\BulletDynamics\MLCPSolvers /I..\..\..\addons\ofxBullet\libs\bullet2.8.2\include\BulletDynamics\Vehicle /I..\..\..\addons\ofxBullet\libs\bullet2.8.2\include\BulletSoftBody /I..\..\..\addons\ofxBullet\libs\bullet2.8.2\include\LinearMath /I..\..\..\addons\ofxBullet\libs\bullet2.8.2\include\vectormath /I..\..\..\addons\ofxBullet\libs\bullet2.8.2\include\vectormath\neon /I..\..\..\addons\ofxBullet\libs\bullet2.8.2\include\vectormath\scalar /I..\..\..\addons\ofxBullet\libs\bullet2.8.2\include\vectormath\sse /I..\..\..\addons\ofxBullet\libs\bullet2.8.2\lib /I..\..\..\addons\ofxBullet\libs\bullet2.8.2\lib\win /I..\..\..\addons\ofxBullet\libs\bullet2.8.2\lib\win\vs /I..\..\..\addons\ofxBullet\libs\bullet2.8.2\lib\win\vs64 /I..\..\..\addons\ofxBullet\src /I..\..\..\addons\ofxBullet\src\events /I..\..\..\addons\ofxBullet\src\joints /I..\..\..\addons\ofxBullet\src\render /I..\..\..\addons\ofxBullet\src\shapes /I..\..\..\addons\ofxFFT\libs /I..\..\..\addons\ofxFFT\src /Isrc /I..\..\..\addons\ofxBeat\src /Zi /nologo /W3 /WX- /MP /Od /Oy- /D WIN32 /D _DEBUG /D _CONSOLE /D POCO_STATIC /D CAIRO_WIN32_STATIC_BUILD /D DISABLE_SOME_FLOATING_POINT /D _UNICODE /D UNICODE /Gm- /EHsc /RTC1 /MDd /GS /fp:precise /Zc:wchar_t /Zc:forScope /Zc:inline /Fo"obj\Debug\\" /Fd"obj\Debug\vc140.pdb" /Gd /TP /analyze- /errorReport:prompt src\ofApp.cpp
         ofApp.cpp
       Link:
         E:\Program Files (x86)\Microsoft Visual Studio 14.0\VC\bin\link.exe /ERRORREPORT:PROMPT /OUT:"bin\player_vs_sound_debug.exe" /INCREMENTAL /NOLOGO /LIBPATH:E:\openFrameworks\libs\openFrameworksCompiled\project\vs\\..\..\..\..\\libs\glut\lib\vs\Win32 /LIBPATH:E:\openFrameworks\libs\openFrameworksCompiled\project\vs\\..\..\..\..\\libs\glfw\lib\vs\Win32 /LIBPATH:E:\openFrameworks\libs\openFrameworksCompiled\project\vs\\..\..\..\..\\libs\rtAudio\lib\vs\Win32 /LIBPATH:E:\openFrameworks\libs\openFrameworksCompiled\project\vs\\..\..\..\..\\libs\FreeImage\lib\vs\Win32 /LIBPATH:E:\openFrameworks\libs\openFrameworksCompiled\project\vs\\..\..\..\..\\libs\freetype\lib\vs\Win32 /LIBPATH:E:\openFrameworks\libs\openFrameworksCompiled\project\vs\\..\..\..\..\\libs\quicktime\lib\vs\Win32 /LIBPATH:E:\openFrameworks\libs\openFrameworksCompiled\project\vs\\..\..\..\..\\libs\fmodex\lib\vs\Win32 /LIBPATH:E:\openFrameworks\libs\openFrameworksCompiled\project\vs\\..\..\..\..\\libs\videoInput\lib\vs\Win32 /LIBPATH:E:\openFrameworks\libs\openFrameworksCompiled\project\vs\\..\..\..\..\\libs\cairo\lib\vs\Win32 /LIBPATH:E:\openFrameworks\libs\openFrameworksCompiled\project\vs\\..\..\..\..\\libs\glew\lib\vs\Win32 /LIBPATH:E:\openFrameworks\libs\openFrameworksCompiled\project\vs\\..\..\..\..\\libs\glu\lib\vs\Win32 /LIBPATH:E:\openFrameworks\libs\openFrameworksCompiled\project\vs\\..\..\..\..\\libs\openssl\lib\vs\Win32 /LIBPATH:E:\openFrameworks\libs\openFrameworksCompiled\project\vs\\..\..\..\..\\libs\Poco\lib\vs\Win32 /LIBPATH:E:\openFrameworks\libs\openFrameworksCompiled\project\vs\\..\..\..\..\\libs\tess2\lib\vs\Win32 /LIBPATH:E:\openFrameworks\libs\openFrameworksCompiled\project\vs\\..\..\..\..\\libs\boost\lib\vs\Win32 "cairo-static.lib" "pixman-1.lib" libpng.lib msimg32.lib OpenGL32.lib GLu32.lib kernel32.lib setupapi.lib Vfw32.lib comctl32.lib glut32.lib rtAudioD.lib videoInputD.lib libfreetype.lib FreeImage.lib qtmlClient.lib dsound.lib user32.lib gdi32.lib winspool.lib comdlg32.lib advapi32.lib shell32.lib ole32.lib oleaut32.lib uuid.lib glew32s.lib fmodex_vc.lib glu32.lib ssleay32MD.lib libeay32MD.lib crypt32.lib PocoFoundationmdd.lib PocoNetmdd.lib PocoUtilmdd.lib PocoXMLmdd.lib Ws2_32.lib tess2.lib glfw3.lib winmm.lib kernel32.lib user32.lib gdi32.lib winspool.lib comdlg32.lib advapi32.lib shell32.lib ole32.lib oleaut32.lib uuid.lib odbc32.lib odbccp32.lib /NODEFAULTLIB:PocoFoundationmdd.lib /NODEFAULTLIB:atlthunk.lib /NODEFAULTLIB:msvcrt /NODEFAULTLIB:libcmt /NODEFAULTLIB:LIBC /NODEFAULTLIB:LIBCMTD /MANIFEST /MANIFESTUAC:"level='asInvoker' uiAccess='false'" /manifest:embed /Debug /PDB:"bin\player_vs_sound_debug.pdb" /SUBSYSTEM:CONSOLE /TLBID:1 /DYNAMICBASE:NO /NXCOMPAT /IMPLIB:"bin\player_vs_sound_debug.lib" /MACHINE:X86 /SAFESEH /ignore:4099 obj\Debug\icon.res
         obj\Debug\main.obj
         obj\Debug\ofApp.obj
         obj\Debug\ofxBaseGui.obj
         obj\Debug\ofxButton.obj
         obj\Debug\ofxGuiGroup.obj
         obj\Debug\ofxLabel.obj
         obj\Debug\ofxPanel.obj
         obj\Debug\ofxSlider.obj
         obj\Debug\ofxSliderGroup.obj
         obj\Debug\ofxToggle.obj
         obj\Debug\ofxAnimatable.obj
         obj\Debug\ofxAnimatableFloat.obj
         obj\Debug\ofxAnimatableOfColor.obj
         obj\Debug\ofxAnimatableOfPoint.obj
         obj\Debug\ofxBulletJoint.obj
         obj\Debug\ofxBulletWorldRigid.obj
         obj\Debug\ofxBulletWorldSoft.obj
         obj\Debug\GLDebugDrawer.obj
         obj\Debug\ofxBulletBaseShape.obj
         obj\Debug\ofxBulletBox.obj
         obj\Debug\ofxBulletCapsule.obj
         obj\Debug\ofxBulletCone.obj
         obj\Debug\ofxBulletConvexShape.obj
         obj\Debug\ofxBulletCustomShape.obj
         obj\Debug\ofxBulletCylinder.obj
         obj\Debug\ofxBulletEllipsoid.obj
         obj\Debug\ofxBulletPatch.obj
         obj\Debug\ofxBulletRigidBody.obj
         obj\Debug\ofxBulletRope.obj
         obj\Debug\ofxBulletSoftBody.obj
         obj\Debug\ofxBulletSoftTriMesh.obj
         obj\Debug\ofxBulletSphere.obj
         obj\Debug\ofxBulletStaticPlane.obj
         obj\Debug\ofxBulletTriMeshShape.obj
         obj\Debug\btAxisSweep3.obj
         obj\Debug\btBroadphaseProxy.obj
         obj\Debug\btCollisionAlgorithm.obj
         obj\Debug\btDbvt.obj
         obj\Debug\btDbvtBroadphase.obj
         obj\Debug\btDispatcher.obj
         obj\Debug\btMultiSapBroadphase.obj
         obj\Debug\btOverlappingPairCache.obj
         obj\Debug\btQuantizedBvh.obj
         obj\Debug\btSimpleBroadphase.obj
         obj\Debug\btActivatingCollisionAlgorithm.obj
         obj\Debug\btBox2dBox2dCollisionAlgorithm.obj
         obj\Debug\btBoxBoxCollisionAlgorithm.obj
         obj\Debug\btBoxBoxDetector.obj
         obj\Debug\btCollisionDispatcher.obj
         obj\Debug\btCollisionObject.obj
         obj\Debug\btCollisionWorld.obj
         obj\Debug\btCompoundCollisionAlgorithm.obj
         obj\Debug\btCompoundCompoundCollisionAlgorithm.obj
         obj\Debug\btConvex2dConvex2dAlgorithm.obj
         obj\Debug\btConvexConcaveCollisionAlgorithm.obj
         obj\Debug\btConvexConvexAlgorithm.obj
         obj\Debug\btConvexPlaneCollisionAlgorithm.obj
         obj\Debug\btDefaultCollisionConfiguration.obj
         obj\Debug\btEmptyCollisionAlgorithm.obj
         obj\Debug\btGhostObject.obj
         obj\Debug\btHashedSimplePairCache.obj
         obj\Debug\btInternalEdgeUtility.obj
         obj\Debug\btManifoldResult.obj
         obj\Debug\btSimulationIslandManager.obj
         obj\Debug\btSphereBoxCollisionAlgorithm.obj
         obj\Debug\btSphereSphereCollisionAlgorithm.obj
         obj\Debug\btSphereTriangleCollisionAlgorithm.obj
         obj\Debug\btUnionFind.obj
         obj\Debug\SphereTriangleDetector.obj
         obj\Debug\btBox2dShape.obj
         obj\Debug\btBoxShape.obj
         obj\Debug\btBvhTriangleMeshShape.obj
         obj\Debug\btCapsuleShape.obj
         obj\Debug\btCollisionShape.obj
         obj\Debug\btCompoundShape.obj
         obj\Debug\btConcaveShape.obj
         obj\Debug\btConeShape.obj
         obj\Debug\btConvex2dShape.obj
         obj\Debug\btConvexHullShape.obj
         obj\Debug\btConvexInternalShape.obj
         obj\Debug\btConvexPointCloudShape.obj
         obj\Debug\btConvexPolyhedron.obj
         obj\Debug\btConvexShape.obj
         obj\Debug\btConvexTriangleMeshShape.obj
         obj\Debug\btCylinderShape.obj
         obj\Debug\btEmptyShape.obj
         obj\Debug\btHeightfieldTerrainShape.obj
         obj\Debug\btMinkowskiSumShape.obj
         obj\Debug\btMultimaterialTriangleMeshShape.obj
         obj\Debug\btMultiSphereShape.obj
         obj\Debug\btOptimizedBvh.obj
         obj\Debug\btPolyhedralConvexShape.obj
         obj\Debug\btScaledBvhTriangleMeshShape.obj
         obj\Debug\btShapeHull.obj
         obj\Debug\btSphereShape.obj
         obj\Debug\btStaticPlaneShape.obj
         obj\Debug\btStridingMeshInterface.obj
         obj\Debug\btTetrahedronShape.obj
         obj\Debug\btTriangleBuffer.obj
         obj\Debug\btTriangleCallback.obj
         obj\Debug\btTriangleIndexVertexArray.obj
         obj\Debug\btTriangleIndexVertexMaterialArray.obj
         obj\Debug\btTriangleMesh.obj
         obj\Debug\btTriangleMeshShape.obj
         obj\Debug\btUniformScalingShape.obj
         obj\Debug\btContactProcessing.obj
         obj\Debug\btGenericPoolAllocator.obj
         obj\Debug\btGImpactBvh.obj
         obj\Debug\btGImpactCollisionAlgorithm.obj
         obj\Debug\btGImpactQuantizedBvh.obj
         obj\Debug\btGImpactShape.obj
         obj\Debug\btTriangleShapeEx.obj
         obj\Debug\gim_box_set.obj
         obj\Debug\gim_contact.obj
         obj\Debug\gim_memory.obj
         obj\Debug\gim_tri_collision.obj
         obj\Debug\btContinuousConvexCollision.obj
         obj\Debug\btConvexCast.obj
         obj\Debug\btGjkConvexCast.obj
         obj\Debug\btGjkEpa2.obj
         obj\Debug\btGjkEpaPenetrationDepthSolver.obj
         obj\Debug\btGjkPairDetector.obj
         obj\Debug\btMinkowskiPenetrationDepthSolver.obj
         obj\Debug\btPersistentManifold.obj
         obj\Debug\btPolyhedralContactClipping.obj
         obj\Debug\btRaycastCallback.obj
         obj\Debug\btSubSimplexConvexCast.obj
         obj\Debug\btVoronoiSimplexSolver.obj
         obj\Debug\btKinematicCharacterController.obj
         obj\Debug\btConeTwistConstraint.obj
         obj\Debug\btContactConstraint.obj
         obj\Debug\btFixedConstraint.obj
         obj\Debug\btGearConstraint.obj
         obj\Debug\btGeneric6DofConstraint.obj
         obj\Debug\btGeneric6DofSpringConstraint.obj
         obj\Debug\btHinge2Constraint.obj
         obj\Debug\btHingeConstraint.obj
         obj\Debug\btPoint2PointConstraint.obj
         obj\Debug\btSequentialImpulseConstraintSolver.obj
         obj\Debug\btSliderConstraint.obj
         obj\Debug\btSolve2LinearConstraint.obj
         obj\Debug\btTypedConstraint.obj
         obj\Debug\btUniversalConstraint.obj
         obj\Debug\btDiscreteDynamicsWorld.obj
         obj\Debug\btRigidBody.obj
         obj\Debug\btSimpleDynamicsWorld.obj
         "obj\Debug\Bullet-C-API.obj"
         obj\Debug\btMultiBody.obj
         obj\Debug\btMultiBodyConstraint.obj
         obj\Debug\btMultiBodyConstraintSolver.obj
         obj\Debug\btMultiBodyDynamicsWorld.obj
         obj\Debug\btMultiBodyJointLimitConstraint.obj
         obj\Debug\btMultiBodyJointMotor.obj
         obj\Debug\btMultiBodyPoint2Point.obj
         obj\Debug\btDantzigLCP.obj
         obj\Debug\btMLCPSolver.obj
         obj\Debug\btRaycastVehicle.obj
         obj\Debug\btWheelInfo.obj
         obj\Debug\btDefaultSoftBodySolver.obj
         obj\Debug\btSoftBody.obj
         obj\Debug\btSoftBodyConcaveCollisionAlgorithm.obj
         obj\Debug\btSoftBodyHelpers.obj
         obj\Debug\btSoftBodyRigidBodyCollisionConfiguration.obj
         obj\Debug\btSoftRigidCollisionAlgorithm.obj
         obj\Debug\btSoftRigidDynamicsWorld.obj
         obj\Debug\btSoftSoftCollisionAlgorithm.obj
         obj\Debug\btAlignedAllocator.obj
         obj\Debug\btConvexHull.obj
         obj\Debug\btConvexHullComputer.obj
         obj\Debug\btGeometryUtil.obj
         obj\Debug\btPolarDecomposition.obj
         obj\Debug\btQuickprof.obj
         obj\Debug\btSerializer.obj
         obj\Debug\btVector3.obj
         obj\Debug\ofxFFTBase.obj
         obj\Debug\ofxFFTFile.obj
         obj\Debug\ofxFFTLive.obj
         obj\Debug\fft.obj
         E:\openFrameworks\libs\openFrameworksCompiled\lib\vs\Win32\openframeworksLib_debug.lib
         player_vs_sound.vcxproj -> E:\openFrameworks\apps\myApps\player-vs-sound\bin\player_vs_sound_debug.exe
       PostBuildEvent:
         robocopy "E:\openFrameworks\libs\openFrameworksCompiled\project\vs\\..\..\..\..\/export/vs/Win32/" "E:\openFrameworks\apps\myApps\player-vs-sound\bin/" "*.dll" /njs /njh /np /fp /bytes
         if errorlevel 1 exit 0 else exit %errorlevel%
         :VCEnd
         
         	                   9	E:\openFrameworks\export\vs\Win32\
     1>Done Building Project "E:\openFrameworks\apps\myApps\player-vs-sound\player_vs_sound.vcxproj" (Build target(s)).

Build succeeded.

Time Elapsed 00:00:03.23
